AUDIT LOG SAMPLES - Publishing Pipeline Monitor
==================================================

SCENARIO 1: FAILURE DETECTED
-----------------------------
2025-10-15 14:23:15,123 - pipeline_audit - INFO - HEALTH_CHECK: {"component": "network", "status": "healthy", "timestamp": "2025-10-15 14:23:15.123456", "latency_ms": 52.3, "error_message": null, "metadata": null}
2025-10-15 14:23:15,234 - pipeline_audit - INFO - HEALTH_CHECK: {"component": "validation_service", "status": "healthy", "timestamp": "2025-10-15 14:23:15.234567", "latency_ms": 31.2, "error_message": null, "metadata": {"active_validations": 5}}
2025-10-15 14:23:15,456 - pipeline_audit - INFO - HEALTH_CHECK: {"component": "database", "status": "down", "timestamp": "2025-10-15 14:23:15.456789", "latency_ms": null, "error_message": "Database connection lost", "metadata": null}
2025-10-15 14:23:15,457 - pipeline_audit - ERROR - FAILURE_DETECTED: component=database, error=Database connection lost
2025-10-15 14:23:15,458 - pipeline_audit - WARNING - ALERT_TRIGGERED: component=database, severity=CRITICAL
2025-10-15 14:23:15,567 - pipeline_audit - INFO - HEALTH_CHECK: {"component": "storage", "status": "healthy", "timestamp": "2025-10-15 14:23:15.567890", "latency_ms": 43.1, "error_message": null, "metadata": {"disk_usage_percent": 65}}
2025-10-15 14:23:15,678 - pipeline_audit - INFO - HEALTH_CHECK: {"component": "queue", "status": "healthy", "timestamp": "2025-10-15 14:23:15.678901", "latency_ms": 21.4, "error_message": null, "metadata": {"pending_messages": 42}}


SCENARIO 2: RECOVERY SUCCEEDED
-------------------------------
2025-10-15 14:23:45,123 - pipeline_audit - ERROR - FAILURE_DETECTED: component=network, error=Network timeout
2025-10-15 14:23:45,124 - pipeline_audit - WARNING - ALERT_TRIGGERED: component=network, severity=CRITICAL
2025-10-15 14:23:45,125 - pipeline_audit - INFO - RECOVERY_ATTEMPT: {"attempt_id": "network_1729004625.125", "component": "network", "action": "reconnect", "timestamp": "2025-10-15 14:23:45.425678", "success": true, "duration_ms": 300.5, "error_message": null, "metadata": {"retries": 1}}
2025-10-15 14:23:50,234 - pipeline_audit - INFO - HEALTH_CHECK: {"component": "network", "status": "healthy", "timestamp": "2025-10-15 14:23:50.234567", "latency_ms": 48.9, "error_message": null, "metadata": null}


SCENARIO 3: RECOVERY FAILED
----------------------------
2025-10-15 14:24:15,123 - pipeline_audit - ERROR - FAILURE_DETECTED: component=validation_service, error=Validation service unresponsive
2025-10-15 14:24:15,124 - pipeline_audit - WARNING - ALERT_TRIGGERED: component=validation_service, severity=CRITICAL
2025-10-15 14:24:15,125 - pipeline_audit - ERROR - RECOVERY_ATTEMPT: {"attempt_id": "validation_service_1729004655.125", "component": "validation_service", "action": "restart_service", "timestamp": "2025-10-15 14:24:15.625678", "success": false, "duration_ms": 500.3, "error_message": "Service restart failed", "metadata": null}
2025-10-15 14:24:20,234 - pipeline_audit - INFO - HEALTH_CHECK: {"component": "validation_service", "status": "down", "timestamp": "2025-10-15 14:24:20.234567", "latency_ms": null, "error_message": "Validation service unresponsive", "metadata": null}


SCENARIO 4: MULTIPLE COMPONENT FAILURES
----------------------------------------
2025-10-15 14:25:00,123 - pipeline_audit - ERROR - FAILURE_DETECTED: component=database, error=Database connection lost
2025-10-15 14:25:00,124 - pipeline_audit - WARNING - ALERT_TRIGGERED: component=database, severity=CRITICAL
2025-10-15 14:25:00,234 - pipeline_audit - ERROR - FAILURE_DETECTED: component=queue, error=Queue broker connection failed
2025-10-15 14:25:00,235 - pipeline_audit - WARNING - ALERT_TRIGGERED: component=queue, severity=CRITICAL
2025-10-15 14:25:00,345 - pipeline_audit - INFO - RECOVERY_ATTEMPT: {"attempt_id": "database_1729004700.345", "component": "database", "action": "reconnect", "timestamp": "2025-10-15 14:25:00.645678", "success": true, "duration_ms": 300.1, "error_message": null, "metadata": {"retries": 1}}
2025-10-15 14:25:01,456 - pipeline_audit - INFO - RECOVERY_ATTEMPT: {"attempt_id": "queue_1729004701.456", "component": "queue", "action": "clear_queue", "timestamp": "2025-10-15 14:25:01.656789", "success": true, "duration_ms": 200.2, "error_message": null, "metadata": {"retries": 1}}


SCENARIO 5: STORAGE FAILOVER
-----------------------------
2025-10-15 14:26:00,123 - pipeline_audit - ERROR - FAILURE_DETECTED: component=storage, error=Storage service unavailable
2025-10-15 14:26:00,124 - pipeline_audit - WARNING - ALERT_TRIGGERED: component=storage, severity=CRITICAL
2025-10-15 14:26:00,125 - pipeline_audit - INFO - RECOVERY_ATTEMPT: {"attempt_id": "storage_1729004760.125", "component": "storage", "action": "failover", "timestamp": "2025-10-15 14:26:00.525678", "success": true, "duration_ms": 400.4, "error_message": null, "metadata": {"retries": 1}}
2025-10-15 14:26:05,234 - pipeline_audit - INFO - HEALTH_CHECK: {"component": "storage", "status": "healthy", "timestamp": "2025-10-15 14:26:05.234567", "latency_ms": 45.2, "error_message": null, "metadata": {"disk_usage_percent": 65}}


SCENARIO 6: DEGRADED PERFORMANCE
---------------------------------
2025-10-15 14:27:00,123 - pipeline_audit - INFO - HEALTH_CHECK: {"component": "database", "status": "healthy", "timestamp": "2025-10-15 14:27:00.123456", "latency_ms": 850.5, "error_message": null, "metadata": {"active_connections": 18, "pool_size": 20}}
2025-10-15 14:27:00,234 - pipeline_audit - WARNING - High latency detected on database component: 850.5ms


SCENARIO 7: CONTINUOUS MONITORING (HEALTHY)
--------------------------------------------
2025-10-15 14:28:00,123 - pipeline_audit - INFO - Pipeline monitoring started
2025-10-15 14:28:00,234 - pipeline_audit - INFO - HEALTH_CHECK: {"component": "network", "status": "healthy", "timestamp": "2025-10-15 14:28:00.234567", "latency_ms": 51.2, "error_message": null, "metadata": null}
2025-10-15 14:28:00,345 - pipeline_audit - INFO - HEALTH_CHECK: {"component": "validation_service", "status": "healthy", "timestamp": "2025-10-15 14:28:00.345678", "latency_ms": 32.4, "error_message": null, "metadata": {"active_validations": 7}}
2025-10-15 14:28:00,456 - pipeline_audit - INFO - HEALTH_CHECK: {"component": "database", "status": "healthy", "timestamp": "2025-10-15 14:28:00.456789", "latency_ms": 22.1, "error_message": null, "metadata": {"active_connections": 12, "pool_size": 20}}
2025-10-15 14:28:00,567 - pipeline_audit - INFO - HEALTH_CHECK: {"component": "storage", "status": "healthy", "timestamp": "2025-10-15 14:28:00.567890", "latency_ms": 44.3, "error_message": null, "metadata": {"disk_usage_percent": 66}}
2025-10-15 14:28:00,678 - pipeline_audit - INFO - HEALTH_CHECK: {"component": "queue", "status": "healthy", "timestamp": "2025-10-15 14:28:00.678901", "latency_ms": 20.8, "error_message": null, "metadata": {"pending_messages": 38}}2025-10-15 18:28:14,515 - pipeline_audit - INFO - Pipeline monitoring started
2025-10-15 18:28:14,549 - pipeline_audit - INFO - HEALTH_CHECK: {"component": "PipelineComponent.NETWORK", "status": "HealthStatus.HEALTHY", "timestamp": "2025-10-15 18:28:14.549364", "latency_ms": 33.899, "error_message": null, "metadata": null}
2025-10-15 18:28:14,549 - pipeline_audit - INFO - HEALTH_CHECK: {"component": "PipelineComponent.VALIDATION_SERVICE", "status": "HealthStatus.HEALTHY", "timestamp": "2025-10-15 18:28:14.549364", "latency_ms": 33.899, "error_message": null, "metadata": {"active_validations": 5}}
2025-10-15 18:28:14,550 - pipeline_audit - INFO - HEALTH_CHECK: {"component": "PipelineComponent.DATABASE", "status": "HealthStatus.HEALTHY", "timestamp": "2025-10-15 18:28:14.549364", "latency_ms": 33.899, "error_message": null, "metadata": {"active_connections": 10, "pool_size": 20}}
2025-10-15 18:28:14,550 - pipeline_audit - INFO - HEALTH_CHECK: {"component": "PipelineComponent.STORAGE", "status": "HealthStatus.HEALTHY", "timestamp": "2025-10-15 18:28:14.549364", "latency_ms": 33.899, "error_message": null, "metadata": {"disk_usage_percent": 65}}
2025-10-15 18:28:14,550 - pipeline_audit - INFO - HEALTH_CHECK: {"component": "PipelineComponent.QUEUE", "status": "HealthStatus.HEALTHY", "timestamp": "2025-10-15 18:28:14.549364", "latency_ms": 33.899, "error_message": null, "metadata": {"pending_messages": 42}}
2025-10-15 18:28:21,737 - pipeline_audit - INFO - Pipeline monitoring stopped
